<?xml version="1.0" encoding="UTF-8"?>
<!-- Generated by org.testng.reporters.JUnitReportReporter -->
<testsuite hostname="RinkuRasu" failures="0" tests="1" name="runner.CucumberRunnerTests" time="38.264" errors="0" timestamp="2024-11-04T12:14:39 IST" skipped="0">
  <testcase classname="runner.CucumberRunnerTests" name="runScenario" time="38.264"/>
  <system-out/>
</testsuite> <!-- runner.CucumberRunnerTests -->
